
ROM used:   122/8192 (1%)
            122/8192 (1%) including unused fragments

            0.2 Average locations per line
            6.4 Average locations per statement

RAM used:   7/368 (2%) at main() level
            14/368 (4%) worst case

Stack used: 1 worst case (1 in main + 0 for interrupts)
Stack size: 8

Lines Stmts  %   Files
----- ----- ---  -----
   38    19 100  main.c
   10     0   0  main.h
  588     0   0  ..\..\..\..\..\..\..\..\Program Files (x86)\PICC\Devices\16F876.h
----- -----
  636    19 Total

Page ROM  %  RAM   Vol Diff  Functions:
---- --- --- ---   --- ----  ----------
0     21  17    1             @delay_ms1
0     97  80    1   594  8.0  main
 Inline         0             @cinit1

Program metrics:
    Functions               1
    Statements              19
    Comments                106
    Volume (V)              599
    Difficulty (D)          7.6
    Effort to implement (E) 4579
    Time to implement (T)   4 minutes
    Est Delivered Bugs (B)  0
    Cyclomatic Complexity   4
    Maintainability (MI)    77

 Segment     Used  Free
-----------  ----  ----
00000-00003     4  0  
00004-007FF   118  1926  
00800-00FFF     0  2048  
01000-017FF     0  2048  
01800-01FFF     0  2048  



